Performing C SOURCE FILE Test CMAKE_HAVE_LIBC_PTHREAD failed with the following output:
Change Dir: /home/mim/Documents/FEUP/2ano/Cadeiras/AEDA/tp2/aeda2021_p02/cmake-build-debug/CMakeFiles/CMakeTmp

Run Build Command(s):/usr/bin/make cmTC_5d8fc/fast && /usr/bin/make  -f CMakeFiles/cmTC_5d8fc.dir/build.make CMakeFiles/cmTC_5d8fc.dir/build
make[1]: Entering directory '/home/mim/Documents/FEUP/2ano/Cadeiras/AEDA/tp2/aeda2021_p02/cmake-build-debug/CMakeFiles/CMakeTmp'
Building C object CMakeFiles/cmTC_5d8fc.dir/src.c.o
/usr/bin/cc   -DCMAKE_HAVE_LIBC_PTHREAD   -o CMakeFiles/cmTC_5d8fc.dir/src.c.o   -c /home/mim/Documents/FEUP/2ano/Cadeiras/AEDA/tp2/aeda2021_p02/cmake-build-debug/CMakeFiles/CMakeTmp/src.c
Linking C executable cmTC_5d8fc
/home/mim/Documents/CLion/clion-2020.1.1/bin/cmake/linux/bin/cmake -E cmake_link_script CMakeFiles/cmTC_5d8fc.dir/link.txt --verbose=1
/usr/bin/cc  -DCMAKE_HAVE_LIBC_PTHREAD    -rdynamic CMakeFiles/cmTC_5d8fc.dir/src.c.o  -o cmTC_5d8fc 
/usr/bin/ld: CMakeFiles/cmTC_5d8fc.dir/src.c.o: in function `main':
src.c:(.text+0x3e): undefined reference to `pthread_create'
/usr/bin/ld: src.c:(.text+0x4a): undefined reference to `pthread_detach'
/usr/bin/ld: src.c:(.text+0x56): undefined reference to `pthread_cancel'
/usr/bin/ld: src.c:(.text+0x67): undefined reference to `pthread_join'
collect2: error: ld returned 1 exit status
make[1]: *** [CMakeFiles/cmTC_5d8fc.dir/build.make:107: cmTC_5d8fc] Error 1
make[1]: Leaving directory '/home/mim/Documents/FEUP/2ano/Cadeiras/AEDA/tp2/aeda2021_p02/cmake-build-debug/CMakeFiles/CMakeTmp'
make: *** [Makefile:141: cmTC_5d8fc/fast] Error 2


Source file was:
#include <pthread.h>

void* test_func(void* data)
{
  return data;
}

int main(void)
{
  pthread_t thread;
  pthread_create(&thread, NULL, test_func, NULL);
  pthread_detach(thread);
  pthread_cancel(thread);
  pthread_join(thread, NULL);
  pthread_atfork(NULL, NULL, NULL);
  pthread_exit(NULL);

  return 0;
}

Determining if the function pthread_create exists in the pthreads failed with the following output:
Change Dir: /home/mim/Documents/FEUP/2ano/Cadeiras/AEDA/tp2/aeda2021_p02/cmake-build-debug/CMakeFiles/CMakeTmp

Run Build Command(s):/usr/bin/make cmTC_daa5e/fast && /usr/bin/make  -f CMakeFiles/cmTC_daa5e.dir/build.make CMakeFiles/cmTC_daa5e.dir/build
make[1]: Entering directory '/home/mim/Documents/FEUP/2ano/Cadeiras/AEDA/tp2/aeda2021_p02/cmake-build-debug/CMakeFiles/CMakeTmp'
Building C object CMakeFiles/cmTC_daa5e.dir/CheckFunctionExists.c.o
/usr/bin/cc   -DCHECK_FUNCTION_EXISTS=pthread_create   -o CMakeFiles/cmTC_daa5e.dir/CheckFunctionExists.c.o   -c /home/mim/Documents/CLion/clion-2020.1.1/bin/cmake/linux/share/cmake-3.17/Modules/CheckFunctionExists.c
Linking C executable cmTC_daa5e
/home/mim/Documents/CLion/clion-2020.1.1/bin/cmake/linux/bin/cmake -E cmake_link_script CMakeFiles/cmTC_daa5e.dir/link.txt --verbose=1
/usr/bin/cc  -DCHECK_FUNCTION_EXISTS=pthread_create    -rdynamic CMakeFiles/cmTC_daa5e.dir/CheckFunctionExists.c.o  -o cmTC_daa5e  -lpthreads 
/usr/bin/ld: cannot find -lpthreads
collect2: error: ld returned 1 exit status
make[1]: *** [CMakeFiles/cmTC_daa5e.dir/build.make:107: cmTC_daa5e] Error 1
make[1]: Leaving directory '/home/mim/Documents/FEUP/2ano/Cadeiras/AEDA/tp2/aeda2021_p02/cmake-build-debug/CMakeFiles/CMakeTmp'
make: *** [Makefile:141: cmTC_daa5e/fast] Error 2



